#
# A fatal error has been detected by the Java Runtime Environment:
#
#  EXCEPTION_ACCESS_VIOLATION (0xc0000005) at pc=0x00007ff984580a7d, pid=10088, tid=8128
#
# JRE version: OpenJDK Runtime Environment Corretto-11.0.21.9.1 (11.0.21+9) (build 11.0.21+9-LTS)
# Java VM: OpenJDK 64-Bit Server VM Corretto-11.0.21.9.1 (11.0.21+9-LTS, mixed mode, tiered, compressed oops, g1 gc, windows-amd64)
# Problematic frame:
# V  [jvm.dll+0x300a7d]
#
# No core dump will be written. Minidumps are not enabled by default on client versions of Windows
#
# If you would like to submit a bug report, please visit:
#   https://github.com/corretto/corretto-11/issues/
#

---------------  S U M M A R Y ------------

Command Line: -Dmaven.multiModuleProjectDirectory=C:\Users\матвей\IdeaProjects\situations -Djansi.passthrough=true -Dmaven.home=C:\Program Files\JetBrains\IntelliJ IDEA Community Edition 2023.2.1\plugins\maven\lib\maven3 -Dclassworlds.conf=C:\Program Files\JetBrains\IntelliJ IDEA Community Edition 2023.2.1\plugins\maven\lib\maven3\bin\m2.conf -Dmaven.ext.class.path=C:\Program Files\JetBrains\IntelliJ IDEA Community Edition 2023.2.1\plugins\maven\lib\maven-event-listener.jar -javaagent:C:\Program Files\JetBrains\IntelliJ IDEA Community Edition 2023.2.1\lib\idea_rt.jar=59762:C:\Program Files\JetBrains\IntelliJ IDEA Community Edition 2023.2.1\bin -Dfile.encoding=UTF-8 org.codehaus.classworlds.Launcher -Didea.version=2023.2.1 clean verify

Host: AMD Athlon(tm) X4 840 Quad Core Processor      , 4 cores, 3G,  Windows 10 , 64 bit Build 19041 (10.0.19041.3636)
Time: Thu Nov 23 21:29:39 2023 RTZ 4 (s 10 , 64 bit Build 19041 (10.0.19041.3636) elapsed time: 6.051677 seconds (0d 0h 0m 6s)

---------------  T H R E A D  ---------------

Current thread (0x000001a9ac90c000):  GCTaskThread "GC Thread#0" [stack: 0x00000006ebc00000,0x00000006ebd00000] [id=8128]

Stack: [0x00000006ebc00000,0x00000006ebd00000],  sp=0x00000006ebcffbc8,  free space=1022k
Native frames: (J=compiled Java code, j=interpreted, Vv=VM code, C=native code)
V  [jvm.dll+0x300a7d]


siginfo: EXCEPTION_ACCESS_VIOLATION (0xc0000005), reading address 0x000009a9ac916908


Register to memory mapping:

RIP=0x00007ff984580a7d jvm.dll
RAX=0x000001a9ac910860 points into unknown readable memory: 0x0000000000000000 | 00 00 00 00 00 00 00 00
RBX=0x000001a9b59fb868 is at entry_point+648 in (nmethod*)0x000001a9b59fb410
RCX=0x0000000000000014 is an unknown value
RDX=0x0000010000000c15 is an unknown value
RSP=0x00000006ebcffbc8 points into unknown readable memory: 0x00007ff98489bb1d | 1d bb 89 84 f9 7f 00 00
RBP=0x00007ff984b4eda8 jvm.dll
RSI=0x000001a9b59fb410 is at entry_point+-464 in (nmethod*)0x000001a9b59fb410
RDI=0x10000000c153ce00 is an unknown value
R8 =0x000001a9ac900320 points into unknown readable memory: 0x00007ff984b602b0 | b0 02 b6 84 f9 7f 00 00
R9 =0x10000000c153ce00 is an unknown value
R10=0x000001a9b59fb5c0 is at entry_point+-32 in (nmethod*)0x000001a9b59fb410
R11=0x0 is NULL
R12=0x0000000000001000 is an unknown value
R13=0x000001a9ac900218 points into unknown readable memory: 0x1304b40638bd97fb | fb 97 bd 38 06 b4 04 13
R14=0x00000006ec1fe320 points into unknown readable memory: 0x00007ff984b601f8 | f8 01 b6 84 f9 7f 00 00
R15=0x0 is NULL


Registers:
RAX=0x000001a9ac910860, RBX=0x000001a9b59fb868, RCX=0x0000000000000014, RDX=0x0000010000000c15
RSP=0x00000006ebcffbc8, RBP=0x00007ff984b4eda8, RSI=0x000001a9b59fb410, RDI=0x10000000c153ce00
R8 =0x000001a9ac900320, R9 =0x10000000c153ce00, R10=0x000001a9b59fb5c0, R11=0x0000000000000000
R12=0x0000000000001000, R13=0x000001a9ac900218, R14=0x00000006ec1fe320, R15=0x0000000000000000
RIP=0x00007ff984580a7d, EFLAGS=0x0000000000010212

Top of Stack: (sp=0x00000006ebcffbc8)
0x00000006ebcffbc8:   00007ff98489bb1d 000001a9b59fb600
0x00000006ebcffbd8:   000001a9ac907bd0 000001a9b59fb410
0x00000006ebcffbe8:   000001a9b59fb058 0000000000000000
0x00000006ebcffbf8:   000001a9b59fb5c8 000001a9b59fb5c8
0x00000006ebcffc08:   000001a9b59fb410 000001a9b59fb861
0x00000006ebcffc18:   000001a9bc00000a 000001a9b59fb5c0
0x00000006ebcffc28:   000001a9b5000000 000001a9b59fb5e0
0x00000006ebcffc38:   000001a9b59fb5e0 000001a9b59fb820
0x00000006ebcffc48:   000001a9b59fb5e0 000001a9b59fb820
0x00000006ebcffc58:   000001a9b59fb868 00007ff984a8f480
0x00000006ebcffc68:   0000000000000000 0000000000000000
0x00000006ebcffc78:   000001a9aa7f3090 0000000000000000
0x00000006ebcffc88:   000001a9ac8ffe30 0000000000000000
0x00000006ebcffc98:   000001a9ac8ffe30 000001a9ac8ffe40
0x00000006ebcffca8:   00007ff9844b8a71 000001a9b59fb600
0x00000006ebcffcb8:   000001a9ac907bd0 000001a9b59fb410 

Instructions: (pc=0x00007ff984580a7d)
0x00007ff98458097d:   00 00 00 48 8b 9c 24 c0 00 00 00 32 c0 48 81 c4
0x00007ff98458098d:   a8 00 00 00 5f 5d c3 cc cc cc cc cc cc cc cc cc
0x00007ff98458099d:   cc cc cc 40 53 48 83 ec 20 48 8b 02 48 8b d9 48
0x00007ff9845809ad:   8b ca ff 50 58 48 01 43 10 32 c0 48 83 c4 20 5b
0x00007ff9845809bd:   c3 cc cc 48 83 ec 28 8b 82 04 01 00 00 c1 e8 04
0x00007ff9845809cd:   a8 01 74 26 48 89 5c 24 20 48 8b 59 10 48 8b 4b
0x00007ff9845809dd:   10 48 85 c9 74 05 48 8b 01 ff 10 ff 4b 18 48 8b
0x00007ff9845809ed:   5c 24 20 32 c0 48 83 c4 28 c3 8b 82 04 01 00 00
0x00007ff9845809fd:   d1 e8 a8 01 74 ed 32 c0 48 83 ba 48 01 00 00 00
0x00007ff984580a0d:   74 e3 48 c7 82 48 01 00 00 00 00 00 00 c7 82 50
0x00007ff984580a1d:   01 00 00 ff ff ff ff 48 83 c4 28 c3 cc cc cc cc
0x00007ff984580a2d:   cc cc cc 48 83 ec 28 8b 82 04 01 00 00 c1 e8 05
0x00007ff984580a3d:   a8 01 75 13 8b 82 04 01 00 00 83 f8 0d 74 08 48
0x00007ff984580a4d:   8b ca e8 2c 1b 07 00 32 c0 48 83 c4 28 c3 cc cc
0x00007ff984580a5d:   cc cc cc 4c 8b 41 08 4c 8b ca 48 85 d2 74 68 41
0x00007ff984580a6d:   8b 88 c0 02 00 00 49 8b 80 b0 02 00 00 48 d3 ea
0x00007ff984580a7d:   4c 8b 14 d0 4d 3b 8a 60 01 00 00 73 4a 49 8b 80
0x00007ff984580a8d:   38 06 00 00 48 8b 90 90 00 00 00 4c 2b 0a 8b 4a
0x00007ff984580a9d:   10 48 8b 52 18 49 c1 e9 03 49 d3 e9 41 0f b6 c1
0x00007ff984580aad:   4d 8b c1 24 3f 49 c1 e8 06 0f b6 c8 4a 8b 04 c2
0x00007ff984580abd:   48 0f a3 c8 72 11 41 8b 82 04 01 00 00 c1 e8 05
0x00007ff984580acd:   a8 01 75 03 32 c0 c3 b0 01 c3 cc cc cc cc cc cc
0x00007ff984580add:   cc cc cc 48 85 d2 75 03 32 c0 c3 48 8b 41 08 8b
0x00007ff984580aed:   88 c0 02 00 00 48 8b 80 b0 02 00 00 48 d3 ea 48
0x00007ff984580afd:   8b 0c d0 8b 81 04 01 00 00 a8 14 0f 95 c0 c3 cc
0x00007ff984580b0d:   cc cc cc 48 8b 41 08 4c 8b c2 8b 88 f0 06 00 00
0x00007ff984580b1d:   48 8b 80 e0 06 00 00 49 d3 e8 41 80 3c 00 00 7e
0x00007ff984580b2d:   0c 48 8b 02 24 03 3c 03 74 03 32 c0 c3 b0 01 c3
0x00007ff984580b3d:   cc cc cc 4c 8b 49 08 4c 8b c2 41 8b 89 f0 06 00
0x00007ff984580b4d:   00 49 8b 81 e0 06 00 00 49 d3 e8 41 80 3c 00 00
0x00007ff984580b5d:   7f 23 41 8b 89 c0 02 00 00 49 8b 81 b0 02 00 00
0x00007ff984580b6d:   48 d3 ea 48 8b 0c d0 8b 81 04 01 00 00 83 f8 03 


Stack slot to memory mapping:
stack at sp + 0 slots: 0x00007ff98489bb1d jvm.dll
stack at sp + 1 slots: 0x000001a9b59fb600 is at entry_point+32 in (nmethod*)0x000001a9b59fb410
stack at sp + 2 slots: 0x000001a9ac907bd0 points into unknown readable memory: 0x0000000000000002 | 02 00 00 00 00 00 00 00
stack at sp + 3 slots: 0x000001a9b59fb410 is at entry_point+-464 in (nmethod*)0x000001a9b59fb410
stack at sp + 4 slots: 0x000001a9b59fb058 is at entry_point+-8 in (nmethod*)0x000001a9b59fae90
stack at sp + 5 slots: 0x0 is NULL
stack at sp + 6 slots: 0x000001a9b59fb5c8 is at entry_point+-24 in (nmethod*)0x000001a9b59fb410
stack at sp + 7 slots: 0x000001a9b59fb5c8 is at entry_point+-24 in (nmethod*)0x000001a9b59fb410


---------------  P R O C E S S  ---------------

Threads class SMR info:
_java_thread_list=0x000001a9c963b710, length=11, elements={
0x000001a9ac8f2800, 0x000001a9c929e000, 0x000001a9c9293000, 0x000001a9c92f0000,
0x000001a9c92f1800, 0x000001a9c92f2800, 0x000001a9c92f7000, 0x000001a9c92fd000,
0x000001a9c9314800, 0x000001a9c9585000, 0x000001a9c9674800
}

Java Threads: ( => current thread )
  0x000001a9ac8f2800 JavaThread "main" [_thread_blocked, id=7720, stack(0x00000006ebb00000,0x00000006ebc00000)]
  0x000001a9c929e000 JavaThread "Reference Handler" daemon [_thread_blocked, id=7208, stack(0x00000006ec200000,0x00000006ec300000)]
  0x000001a9c9293000 JavaThread "Finalizer" daemon [_thread_blocked, id=1016, stack(0x00000006ec300000,0x00000006ec400000)]
  0x000001a9c92f0000 JavaThread "Signal Dispatcher" daemon [_thread_blocked, id=2328, stack(0x00000006ec400000,0x00000006ec500000)]
  0x000001a9c92f1800 JavaThread "Attach Listener" daemon [_thread_blocked, id=3144, stack(0x00000006ec500000,0x00000006ec600000)]
  0x000001a9c92f2800 JavaThread "Service Thread" daemon [_thread_blocked, id=2552, stack(0x00000006ec600000,0x00000006ec700000)]
  0x000001a9c92f7000 JavaThread "C2 CompilerThread0" daemon [_thread_blocked, id=8612, stack(0x00000006ec700000,0x00000006ec800000)]
  0x000001a9c92fd000 JavaThread "C1 CompilerThread0" daemon [_thread_blocked, id=7880, stack(0x00000006ec800000,0x00000006ec900000)]
  0x000001a9c9314800 JavaThread "Sweeper thread" daemon [_thread_blocked, id=3308, stack(0x00000006ec900000,0x00000006eca00000)]
  0x000001a9c9585000 JavaThread "Common-Cleaner" daemon [_thread_blocked, id=5932, stack(0x00000006eca00000,0x00000006ecb00000)]
  0x000001a9c9674800 JavaThread "Monitor Ctrl-Break" daemon [_thread_in_native, id=1636, stack(0x00000006ecb00000,0x00000006ecc00000)]

Other Threads:
  0x000001a9c9265800 VMThread "VM Thread" [stack: 0x00000006ec100000,0x00000006ec200000] [id=4452]
  0x000001a9c9676800 WatcherThread [stack: 0x00000006ecc00000,0x00000006ecd00000] [id=4208]
=>0x000001a9ac90c000 GCTaskThread "GC Thread#0" [stack: 0x00000006ebc00000,0x00000006ebd00000] [id=8128]
  0x000001a9c9e17800 GCTaskThread "GC Thread#1" [stack: 0x00000006ecd00000,0x00000006ece00000] [id=384]
  0x000001a9ac926000 ConcurrentGCThread "G1 Main Marker" [stack: 0x00000006ebd00000,0x00000006ebe00000] [id=9692]
  0x000001a9ac928000 ConcurrentGCThread "G1 Conc#0" [stack: 0x00000006ebe00000,0x00000006ebf00000] [id=5088]
  0x000001a9ac97e800 ConcurrentGCThread "G1 Refine#0" [stack: 0x00000006ebf00000,0x00000006ec000000] [id=8660]
  0x000001a9ac97f800 ConcurrentGCThread "G1 Young RemSet Sampling" [stack: 0x00000006ec000000,0x00000006ec100000] [id=808]

Threads with active compile tasks:
C2 CompilerThread0     6086 1921       4       java.io.DataOutputStream::writeUTF (435 bytes)

VM state:at safepoint (normal execution)

VM Mutex/Monitor currently owned by a thread:  ([mutex/lock_event])
[0x000001a9ac8ee910] Threads_lock - owner thread: 0x000001a9c9265800
[0x000001a9ac8ee370] Heap_lock - owner thread: 0x000001a9ac926000

Heap address: 0x00000000c1400000, size: 1004 MB, Compressed Oops mode: 32-bit
Narrow klass base: 0x0000000000000000, Narrow klass shift: 3
Compressed class space size: 1073741824 Address: 0x0000000100000000

Heap:
 garbage-first heap   total 65536K, used 6499K [0x00000000c1400000, 0x0000000100000000)
  region size 1024K, 4 young (4096K), 3 survivors (3072K)
 Metaspace       used 20899K, capacity 21306K, committed 21552K, reserved 1069056K
  class space    used 2287K, capacity 2430K, committed 2432K, reserved 1048576K
Heap Regions: E=young(eden), S=young(survivor), O=old, HS=humongous(starts), HC=humongous(continues), CS=collection set, F=free, A=archive, TAMS=top-at-mark-start (previous, next)
|   0|0x00000000c1400000, 0x00000000c1500000, 0x00000000c1500000|100%| O|  |TAMS 0x00000000c1400000, 0x00000000c1500000| Untracked 
|   1|0x00000000c1500000, 0x00000000c1600000, 0x00000000c1600000|100%| O|  |TAMS 0x00000000c1500000, 0x00000000c1600000| Untracked 
|   2|0x00000000c1600000, 0x00000000c1700000, 0x00000000c1700000|100%| O|  |TAMS 0x00000000c1600000, 0x00000000c1700000| Untracked 
|   3|0x00000000c1700000, 0x00000000c1800000, 0x00000000c1800000|100%| O|  |TAMS 0x00000000c1700000, 0x00000000c1800000| Untracked 
|   4|0x00000000c1800000, 0x00000000c181b400, 0x00000000c1900000| 10%| O|  |TAMS 0x00000000c1800000, 0x00000000c181b400| Untracked 
|   5|0x00000000c1900000, 0x00000000c1900000, 0x00000000c1a00000|  0%| F|  |TAMS 0x00000000c1900000, 0x00000000c1900000| Untracked 
|   6|0x00000000c1a00000, 0x00000000c1a00000, 0x00000000c1b00000|  0%| F|  |TAMS 0x00000000c1a00000, 0x00000000c1a00000| Untracked 
|   7|0x00000000c1b00000, 0x00000000c1b00000, 0x00000000c1c00000|  0%| F|  |TAMS 0x00000000c1b00000, 0x00000000c1b00000| Untracked 
|   8|0x00000000c1c00000, 0x00000000c1c00000, 0x00000000c1d00000|  0%| F|  |TAMS 0x00000000c1c00000, 0x00000000c1c00000| Untracked 
|   9|0x00000000c1d00000, 0x00000000c1d00000, 0x00000000c1e00000|  0%| F|  |TAMS 0x00000000c1d00000, 0x00000000c1d00000| Untracked 
|  10|0x00000000c1e00000, 0x00000000c1e00000, 0x00000000c1f00000|  0%| F|  |TAMS 0x00000000c1e00000, 0x00000000c1e00000| Untracked 
|  11|0x00000000c1f00000, 0x00000000c1f00000, 0x00000000c2000000|  0%| F|  |TAMS 0x00000000c1f00000, 0x00000000c1f00000| Untracked 
|  12|0x00000000c2000000, 0x00000000c2000000, 0x00000000c2100000|  0%| F|  |TAMS 0x00000000c2000000, 0x00000000c2000000| Untracked 
|  13|0x00000000c2100000, 0x00000000c2100000, 0x00000000c2200000|  0%| F|  |TAMS 0x00000000c2100000, 0x00000000c2100000| Untracked 
|  14|0x00000000c2200000, 0x00000000c2200000, 0x00000000c2300000|  0%| F|  |TAMS 0x00000000c2200000, 0x00000000c2200000| Untracked 
|  15|0x00000000c2300000, 0x00000000c2300000, 0x00000000c2400000|  0%| F|  |TAMS 0x00000000c2300000, 0x00000000c2300000| Untracked 
|  16|0x00000000c2400000, 0x00000000c2400000, 0x00000000c2500000|  0%| F|  |TAMS 0x00000000c2400000, 0x00000000c2400000| Untracked 
|  17|0x00000000c2500000, 0x00000000c2500000, 0x00000000c2600000|  0%| F|  |TAMS 0x00000000c2500000, 0x00000000c2500000| Untracked 
|  18|0x00000000c2600000, 0x00000000c2600000, 0x00000000c2700000|  0%| F|  |TAMS 0x00000000c2600000, 0x00000000c2600000| Untracked 
|  19|0x00000000c2700000, 0x00000000c2700000, 0x00000000c2800000|  0%| F|  |TAMS 0x00000000c2700000, 0x00000000c2700000| Untracked 
|  20|0x00000000c2800000, 0x00000000c2800000, 0x00000000c2900000|  0%| F|  |TAMS 0x00000000c2800000, 0x00000000c2800000| Untracked 
|  21|0x00000000c2900000, 0x00000000c2900000, 0x00000000c2a00000|  0%| F|  |TAMS 0x00000000c2900000, 0x00000000c2900000| Untracked 
|  22|0x00000000c2a00000, 0x00000000c2a00000, 0x00000000c2b00000|  0%| F|  |TAMS 0x00000000c2a00000, 0x00000000c2a00000| Untracked 
|  23|0x00000000c2b00000, 0x00000000c2b00000, 0x00000000c2c00000|  0%| F|  |TAMS 0x00000000c2b00000, 0x00000000c2b00000| Untracked 
|  24|0x00000000c2c00000, 0x00000000c2c00000, 0x00000000c2d00000|  0%| F|  |TAMS 0x00000000c2c00000, 0x00000000c2c00000| Untracked 
|  25|0x00000000c2d00000, 0x00000000c2d00000, 0x00000000c2e00000|  0%| F|  |TAMS 0x00000000c2d00000, 0x00000000c2d00000| Untracked 
|  26|0x00000000c2e00000, 0x00000000c2e00000, 0x00000000c2f00000|  0%| F|  |TAMS 0x00000000c2e00000, 0x00000000c2e00000| Untracked 
|  27|0x00000000c2f00000, 0x00000000c2f00000, 0x00000000c3000000|  0%| F|  |TAMS 0x00000000c2f00000, 0x00000000c2f00000| Untracked 
|  28|0x00000000c3000000, 0x00000000c3000000, 0x00000000c3100000|  0%| F|  |TAMS 0x00000000c3000000, 0x00000000c3000000| Untracked 
|  29|0x00000000c3100000, 0x00000000c3100000, 0x00000000c3200000|  0%| F|  |TAMS 0x00000000c3100000, 0x00000000c3100000| Untracked 
|  30|0x00000000c3200000, 0x00000000c3200000, 0x00000000c3300000|  0%| F|  |TAMS 0x00000000c3200000, 0x00000000c3200000| Untracked 
|  31|0x00000000c3300000, 0x00000000c3300000, 0x00000000c3400000|  0%| F|  |TAMS 0x00000000c3300000, 0x00000000c3300000| Untracked 
|  32|0x00000000c3400000, 0x00000000c3400000, 0x00000000c3500000|  0%| F|  |TAMS 0x00000000c3400000, 0x00000000c3400000| Untracked 
|  33|0x00000000c3500000, 0x00000000c3500000, 0x00000000c3600000|  0%| F|  |TAMS 0x00000000c3500000, 0x00000000c3500000| Untracked 
|  34|0x00000000c3600000, 0x00000000c3600000, 0x00000000c3700000|  0%| F|  |TAMS 0x00000000c3600000, 0x00000000c3600000| Untracked 
|  35|0x00000000c3700000, 0x00000000c3700000, 0x00000000c3800000|  0%| F|  |TAMS 0x00000000c3700000, 0x00000000c3700000| Untracked 
|  36|0x00000000c3800000, 0x00000000c3800000, 0x00000000c3900000|  0%| F|  |TAMS 0x00000000c3800000, 0x00000000c3800000| Untracked 
|  37|0x00000000c3900000, 0x00000000c3900000, 0x00000000c3a00000|  0%| F|  |TAMS 0x00000000c3900000, 0x00000000c3900000| Untracked 
|  38|0x00000000c3a00000, 0x00000000c3a00000, 0x00000000c3b00000|  0%| F|  |TAMS 0x00000000c3a00000, 0x00000000c3a00000| Untracked 
|  39|0x00000000c3b00000, 0x00000000c3b00000, 0x00000000c3c00000|  0%| F|  |TAMS 0x00000000c3b00000, 0x00000000c3b00000| Untracked 
|  40|0x00000000c3c00000, 0x00000000c3c00000, 0x00000000c3d00000|  0%| F|  |TAMS 0x00000000c3c00000, 0x00000000c3c00000| Untracked 
|  41|0x00000000c3d00000, 0x00000000c3d00000, 0x00000000c3e00000|  0%| F|  |TAMS 0x00000000c3d00000, 0x00000000c3d00000| Untracked 
|  42|0x00000000c3e00000, 0x00000000c3e00000, 0x00000000c3f00000|  0%| F|  |TAMS 0x00000000c3e00000, 0x00000000c3e00000| Untracked 
|  43|0x00000000c3f00000, 0x00000000c3f00000, 0x00000000c4000000|  0%| F|  |TAMS 0x00000000c3f00000, 0x00000000c3f00000| Untracked 
|  44|0x00000000c4000000, 0x00000000c4000000, 0x00000000c4100000|  0%| F|  |TAMS 0x00000000c4000000, 0x00000000c4000000| Untracked 
|  45|0x00000000c4100000, 0x00000000c4100000, 0x00000000c4200000|  0%| F|  |TAMS 0x00000000c4100000, 0x00000000c4100000| Untracked 
|  46|0x00000000c4200000, 0x00000000c4200000, 0x00000000c4300000|  0%| F|  |TAMS 0x00000000c4200000, 0x00000000c4200000| Untracked 
|  47|0x00000000c4300000, 0x00000000c4300000, 0x00000000c4400000|  0%| F|  |TAMS 0x00000000c4300000, 0x00000000c4300000| Untracked 
|  48|0x00000000c4400000, 0x00000000c4400000, 0x00000000c4500000|  0%| F|  |TAMS 0x00000000c4400000, 0x00000000c4400000| Untracked 
|  49|0x00000000c4500000, 0x00000000c4500000, 0x00000000c4600000|  0%| F|  |TAMS 0x00000000c4500000, 0x00000000c4500000| Untracked 
|  50|0x00000000c4600000, 0x00000000c4600000, 0x00000000c4700000|  0%| F|  |TAMS 0x00000000c4600000, 0x00000000c4600000| Untracked 
|  51|0x00000000c4700000, 0x00000000c4700000, 0x00000000c4800000|  0%| F|  |TAMS 0x00000000c4700000, 0x00000000c4700000| Untracked 
|  52|0x00000000c4800000, 0x00000000c4800000, 0x00000000c4900000|  0%| F|  |TAMS 0x00000000c4800000, 0x00000000c4800000| Untracked 
|  53|0x00000000c4900000, 0x00000000c4900000, 0x00000000c4a00000|  0%| F|  |TAMS 0x00000000c4900000, 0x00000000c4900000| Untracked 
|  54|0x00000000c4a00000, 0x00000000c4a00000, 0x00000000c4b00000|  0%| F|  |TAMS 0x00000000c4a00000, 0x00000000c4a00000| Untracked 
|  55|0x00000000c4b00000, 0x00000000c4b00000, 0x00000000c4c00000|  0%| F|  |TAMS 0x00000000c4b00000, 0x00000000c4b00000| Untracked 
|  56|0x00000000c4c00000, 0x00000000c4c00000, 0x00000000c4d00000|  0%| F|  |TAMS 0x00000000c4c00000, 0x00000000c4c00000| Untracked 
|  57|0x00000000c4d00000, 0x00000000c4d00000, 0x00000000c4e00000|  0%| F|  |TAMS 0x00000000c4d00000, 0x00000000c4d00000| Untracked 
|  58|0x00000000c4e00000, 0x00000000c4e3d9a8, 0x00000000c4f00000| 24%| S|CS|TAMS 0x00000000c4e00000, 0x00000000c4e00000| Complete 
|  59|0x00000000c4f00000, 0x00000000c5000000, 0x00000000c5000000|100%| S|CS|TAMS 0x00000000c4f00000, 0x00000000c4f00000| Complete 
|  60|0x00000000c5000000, 0x00000000c5100000, 0x00000000c5100000|100%| S|CS|TAMS 0x00000000c5000000, 0x00000000c5000000| Complete 
|  61|0x00000000c5100000, 0x00000000c5100000, 0x00000000c5200000|  0%| F|  |TAMS 0x00000000c5100000, 0x00000000c5100000| Untracked 
|  62|0x00000000c5200000, 0x00000000c5200000, 0x00000000c5300000|  0%| F|  |TAMS 0x00000000c5200000, 0x00000000c5200000| Untracked 
|  63|0x00000000c5300000, 0x00000000c5373978, 0x00000000c5400000| 45%| E|  |TAMS 0x00000000c5300000, 0x00000000c5300000| Complete 

Card table byte_map: [0x000001a9c4290000,0x000001a9c4490000] _byte_map_base: 0x000001a9c3c86000

Marking Bits (Prev, Next): (CMBitMap*) 0x000001a9ac921468, (CMBitMap*) 0x000001a9ac9214a0
 Prev Bits: [0x000001a9c4690000, 0x000001a9c5640000)
 Next Bits: [0x000001a9c5640000, 0x000001a9c65f0000)

Polling page: 0x000001a9aaa80000

Metaspace:

Usage:
  Non-class:     18.43 MB capacity,    18.18 MB ( 99%) used,   234.94 KB (  1%) free+waste,    29.62 KB ( <1%) overhead. 
      Class:      2.37 MB capacity,     2.23 MB ( 94%) used,   129.74 KB (  5%) free+waste,    12.50 KB ( <1%) overhead. 
       Both:     20.81 MB capacity,    20.41 MB ( 98%) used,   364.68 KB (  2%) free+waste,    42.12 KB ( <1%) overhead. 

Virtual space:
  Non-class space:       20.00 MB reserved,      18.67 MB ( 93%) committed 
      Class space:        1.00 GB reserved,       2.38 MB ( <1%) committed 
             Both:        1.02 GB reserved,      21.05 MB (  2%) committed 

Chunk freelists:
   Non-Class:  4.00 KB
       Class:  2.00 KB
        Both:  6.00 KB

MaxMetaspaceSize: 17179869184.00 GB
CompressedClassSpaceSize: 1.00 GB
Initial GC threshold: 20.80 MB
Current GC threshold: 21.12 MB
CDS: off

CodeHeap 'non-profiled nmethods': size=120064Kb used=825Kb max_used=825Kb free=119238Kb
 bounds [0x000001a9bcb50000, 0x000001a9bcdc0000, 0x000001a9c4090000]
CodeHeap 'profiled nmethods': size=120000Kb used=4526Kb max_used=4526Kb free=115473Kb
 bounds [0x000001a9b5620000, 0x000001a9b5a90000, 0x000001a9bcb50000]
CodeHeap 'non-nmethods': size=5696Kb used=1162Kb max_used=1200Kb free=4533Kb
 bounds [0x000001a9b5090000, 0x000001a9b5300000, 0x000001a9b5620000]
 total_blobs=2752 nmethods=2331 adapters=334
 compilation: enabled
              stopped_count=0, restarted_count=0
 full_count=0

Compilation events (20 events):
Event: 5.814 Thread 0x000001a9c92fd000 2340       2       com.google.common.collect.LinkedHashMultimap::asMap (5 bytes)
Event: 5.814 Thread 0x000001a9c92fd000 nmethod 2340 0x000001a9b5a88e90 code [0x000001a9b5a89040, 0x000001a9b5a892d8]
Event: 5.814 Thread 0x000001a9c92fd000 2341       2       com.google.common.collect.AbstractSetMultimap::asMap (5 bytes)
Event: 5.815 Thread 0x000001a9c92fd000 nmethod 2341 0x000001a9b5a89390 code [0x000001a9b5a89540, 0x000001a9b5a897d8]
Event: 5.815 Thread 0x000001a9c92fd000 2342       2       com.google.common.collect.AbstractMultimap::asMap (23 bytes)
Event: 5.815 Thread 0x000001a9c92fd000 nmethod 2342 0x000001a9b5a89890 code [0x000001a9b5a89a40, 0x000001a9b5a89be8]
Event: 5.815 Thread 0x000001a9c92fd000 2343       2       com.google.common.collect.LinkedHashMultimap::succeedsInValueSet (15 bytes)
Event: 5.815 Thread 0x000001a9c92fd000 nmethod 2343 0x000001a9b5a89c90 code [0x000001a9b5a89e60, 0x000001a9b5a89f98]
Event: 5.815 Thread 0x000001a9c92fd000 2344       2       com.google.common.collect.AbstractMapBasedMultimap$AsMap$AsMapIterator::hasNext (10 bytes)
Event: 5.815 Thread 0x000001a9c92fd000 nmethod 2344 0x000001a9b5a8a090 code [0x000001a9b5a8a240, 0x000001a9b5a8a368]
Event: 5.817 Thread 0x000001a9c92fd000 2345       2       com.google.inject.internal.Scoping$1::getScopeInstance (4 bytes)
Event: 5.817 Thread 0x000001a9c92fd000 nmethod 2345 0x000001a9b5a8a410 code [0x000001a9b5a8a5c0, 0x000001a9b5a8a6b8]
Event: 5.817 Thread 0x000001a9c92fd000 2348       2       com.google.inject.spi.Dependency::<init> (34 bytes)
Event: 5.817 Thread 0x000001a9c92fd000 nmethod 2348 0x000001a9b5a8a790 code [0x000001a9b5a8a960, 0x000001a9b5a8abe8]
Event: 5.817 Thread 0x000001a9c92fd000 2347       2       com.google.inject.internal.InternalInjectorCreator::isEagerSingleton (62 bytes)
Event: 5.818 Thread 0x000001a9c92fd000 nmethod 2347 0x000001a9b5a8ad10 code [0x000001a9b5a8af00, 0x000001a9b5a8b1d8]
Event: 5.818 Thread 0x000001a9c92fd000 2349       2       com.google.inject.internal.Scoping::isEagerSingleton (38 bytes)
Event: 5.818 Thread 0x000001a9c92fd000 nmethod 2349 0x000001a9b5a8b410 code [0x000001a9b5a8b5c0, 0x000001a9b5a8b758]
Event: 5.818 Thread 0x000001a9c92fd000 2346       2       com.google.inject.internal.Scoping::isNoScope (16 bytes)
Event: 5.818 Thread 0x000001a9c92fd000 nmethod 2346 0x000001a9b5a8b810 code [0x000001a9b5a8b9c0, 0x000001a9b5a8bb08]

GC Heap History (10 events):
Event: 3.280 GC heap before
{Heap before GC invocations=0 (full 0):
 garbage-first heap   total 65536K, used 13312K [0x00000000c1400000, 0x0000000100000000)
  region size 1024K, 14 young (14336K), 0 survivors (0K)
 Metaspace       used 11754K, capacity 12075K, committed 12288K, reserved 1060864K
  class space    used 1091K, capacity 1174K, committed 1280K, reserved 1048576K
}
Event: 3.288 GC heap after
{Heap after GC invocations=1 (full 0):
 garbage-first heap   total 65536K, used 3315K [0x00000000c1400000, 0x0000000100000000)
  region size 1024K, 2 young (2048K), 2 survivors (2048K)
 Metaspace       used 11754K, capacity 12075K, committed 12288K, reserved 1060864K
  class space    used 1091K, capacity 1174K, committed 1280K, reserved 1048576K
}
Event: 3.728 GC heap before
{Heap before GC invocations=1 (full 0):
 garbage-first heap   total 65536K, used 12531K [0x00000000c1400000, 0x0000000100000000)
  region size 1024K, 11 young (11264K), 2 survivors (2048K)
 Metaspace       used 14037K, capacity 14390K, committed 14592K, reserved 1062912K
  class space    used 1403K, capacity 1520K, committed 1536K, reserved 1048576K
}
Event: 3.736 GC heap after
{Heap after GC invocations=2 (full 0):
 garbage-first heap   total 65536K, used 3809K [0x00000000c1400000, 0x0000000100000000)
  region size 1024K, 1 young (1024K), 1 survivors (1024K)
 Metaspace       used 14037K, capacity 14390K, committed 14592K, reserved 1062912K
  class space    used 1403K, capacity 1520K, committed 1536K, reserved 1048576K
}
Event: 4.420 GC heap before
{Heap before GC invocations=2 (full 0):
 garbage-first heap   total 65536K, used 27361K [0x00000000c1400000, 0x0000000100000000)
  region size 1024K, 25 young (25600K), 1 survivors (1024K)
 Metaspace       used 15757K, capacity 16092K, committed 16384K, reserved 1064960K
  class space    used 1611K, capacity 1719K, committed 1792K, reserved 1048576K
}
Event: 4.425 GC heap after
{Heap after GC invocations=3 (full 0):
 garbage-first heap   total 65536K, used 4508K [0x00000000c1400000, 0x0000000100000000)
  region size 1024K, 2 young (2048K), 2 survivors (2048K)
 Metaspace       used 15757K, capacity 16092K, committed 16384K, reserved 1064960K
  class space    used 1611K, capacity 1719K, committed 1792K, reserved 1048576K
}
Event: 5.728 GC heap before
{Heap before GC invocations=3 (full 0):
 garbage-first heap   total 65536K, used 34204K [0x00000000c1400000, 0x0000000100000000)
  region size 1024K, 31 young (31744K), 2 survivors (2048K)
 Metaspace       used 20471K, capacity 20858K, committed 21120K, reserved 1069056K
  class space    used 2219K, capacity 2366K, committed 2432K, reserved 1048576K
}
Event: 5.738 GC heap after
{Heap after GC invocations=4 (full 0):
 garbage-first heap   total 65536K, used 6348K [0x00000000c1400000, 0x0000000100000000)
  region size 1024K, 3 young (3072K), 3 survivors (3072K)
 Metaspace       used 20471K, capacity 20858K, committed 21120K, reserved 1069056K
  class space    used 2219K, capacity 2366K, committed 2432K, reserved 1048576K
}
Event: 5.823 GC heap before
{Heap before GC invocations=4 (full 0):
 garbage-first heap   total 65536K, used 8396K [0x00000000c1400000, 0x0000000100000000)
  region size 1024K, 6 young (6144K), 3 survivors (3072K)
 Metaspace       used 20848K, capacity 21242K, committed 21296K, reserved 1069056K
  class space    used 2277K, capacity 2430K, committed 2432K, reserved 1048576K
}
Event: 5.832 GC heap after
{Heap after GC invocations=5 (full 0):
 garbage-first heap   total 65536K, used 6499K [0x00000000c1400000, 0x0000000100000000)
  region size 1024K, 3 young (3072K), 3 survivors (3072K)
 Metaspace       used 20848K, capacity 21242K, committed 21296K, reserved 1069056K
  class space    used 2277K, capacity 2430K, committed 2432K, reserved 1048576K
}

Deoptimization events (20 events):
Event: 3.943 Thread 0x000001a9ac8f2800 DEOPT PACKING pc=0x000001a9bcba70f4 sp=0x00000006ebbfadf0
Event: 3.943 Thread 0x000001a9ac8f2800 DEOPT UNPACKING pc=0x000001a9b50da1af sp=0x00000006ebbfacf0 mode 2
Event: 4.149 Thread 0x000001a9ac8f2800 DEOPT PACKING pc=0x000001a9b588eedc sp=0x00000006ebbfd590
Event: 4.149 Thread 0x000001a9ac8f2800 DEOPT UNPACKING pc=0x000001a9b50da95e sp=0x00000006ebbfca58 mode 0
Event: 4.283 Thread 0x000001a9ac8f2800 DEOPT PACKING pc=0x000001a9b5701b2e sp=0x00000006ebbfd6a0
Event: 4.283 Thread 0x000001a9ac8f2800 DEOPT UNPACKING pc=0x000001a9b50da95e sp=0x00000006ebbfcb10 mode 0
Event: 5.449 Thread 0x000001a9ac8f2800 Uncommon trap: trap_request=0xffffff4d fr.pc=0x000001a9bcb99420 relative=0x0000000000000260
Event: 5.449 Thread 0x000001a9ac8f2800 Uncommon trap: reason=unstable_if action=reinterpret pc=0x000001a9bcb99420 method=java.util.concurrent.ConcurrentHashMap.get(Ljava/lang/Object;)Ljava/lang/Object; @ 76 c2
Event: 5.449 Thread 0x000001a9ac8f2800 DEOPT PACKING pc=0x000001a9bcb99420 sp=0x00000006ebbf8690
Event: 5.449 Thread 0x000001a9ac8f2800 DEOPT UNPACKING pc=0x000001a9b50da1af sp=0x00000006ebbf8608 mode 2
Event: 5.451 Thread 0x000001a9ac8f2800 Uncommon trap: trap_request=0xffffff4d fr.pc=0x000001a9bcbf7d50 relative=0x0000000000000210
Event: 5.451 Thread 0x000001a9ac8f2800 Uncommon trap: reason=unstable_if action=reinterpret pc=0x000001a9bcbf7d50 method=java.lang.ClassLoader.checkName(Ljava/lang/String;)Z @ 1 c2
Event: 5.451 Thread 0x000001a9ac8f2800 DEOPT PACKING pc=0x000001a9bcbf7d50 sp=0x00000006ebbfd160
Event: 5.451 Thread 0x000001a9ac8f2800 DEOPT UNPACKING pc=0x000001a9b50da1af sp=0x00000006ebbfd0f0 mode 2
Event: 5.504 Thread 0x000001a9ac8f2800 DEOPT PACKING pc=0x000001a9b59cdd44 sp=0x00000006ebbfd710
Event: 5.504 Thread 0x000001a9ac8f2800 DEOPT UNPACKING pc=0x000001a9b50da95e sp=0x00000006ebbfcc90 mode 0
Event: 5.576 Thread 0x000001a9ac8f2800 DEOPT PACKING pc=0x000001a9b59c3304 sp=0x00000006ebbfca80
Event: 5.576 Thread 0x000001a9ac8f2800 DEOPT UNPACKING pc=0x000001a9b50da95e sp=0x00000006ebbfbf38 mode 0
Event: 5.716 Thread 0x000001a9ac8f2800 DEOPT PACKING pc=0x000001a9b5a33a78 sp=0x00000006ebbfcc10
Event: 5.716 Thread 0x000001a9ac8f2800 DEOPT UNPACKING pc=0x000001a9b50da95e sp=0x00000006ebbfc120 mode 0

Classes redefined (0 events):
No events

Internal exceptions (17 events):
Event: 1.672 Thread 0x000001a9ac8f2800 Exception <a 'java/security/PrivilegedActionException'{0x00000000c52cec68}> (0x00000000c52cec68) thrown at [s\src\hotspot\share\prims\jvm.cpp, line 1306]
Event: 1.672 Thread 0x000001a9ac8f2800 Exception <a 'java/security/PrivilegedActionException'{0x00000000c52cef38}> (0x00000000c52cef38) thrown at [s\src\hotspot\share\prims\jvm.cpp, line 1306]
Event: 1.852 Thread 0x000001a9ac8f2800 Exception <a 'java/lang/NoSuchMethodError'{0x00000000c51756f8}: 'int java.lang.invoke.DirectMethodHandle$Holder.invokeStatic(java.lang.Object, java.lang.Object, java.lang.Object, java.lang.Object, java.lang.Object)'> (0x00000000c51756f8) thrown at [s\src\hotspot\share\interpreter\linkResolver.cpp, line 773]
Event: 2.152 Thread 0x000001a9ac8f2800 Exception <a 'java/lang/NullPointerException'{0x00000000c4e31bc0}> (0x00000000c4e31bc0) thrown at [s\src\hotspot\share\interpreter\linkResolver.cpp, line 1358]
Event: 2.455 Thread 0x000001a9ac8f2800 Exception <a 'sun/nio/fs/WindowsException'{0x00000000c4d17e70}> (0x00000000c4d17e70) thrown at [s\src\hotspot\share\prims\jni.cpp, line 617]
Event: 2.455 Thread 0x000001a9ac8f2800 Exception <a 'sun/nio/fs/WindowsException'{0x00000000c4d18630}> (0x00000000c4d18630) thrown at [s\src\hotspot\share\prims\jni.cpp, line 617]
Event: 2.456 Thread 0x000001a9ac8f2800 Exception <a 'sun/nio/fs/WindowsException'{0x00000000c4d18c48}> (0x00000000c4d18c48) thrown at [s\src\hotspot\share\prims\jni.cpp, line 617]
Event: 2.456 Thread 0x000001a9ac8f2800 Exception <a 'sun/nio/fs/WindowsException'{0x00000000c4d19158}> (0x00000000c4d19158) thrown at [s\src\hotspot\share\prims\jni.cpp, line 617]
Event: 2.456 Thread 0x000001a9ac8f2800 Exception <a 'sun/nio/fs/WindowsException'{0x00000000c4d19620}> (0x00000000c4d19620) thrown at [s\src\hotspot\share\prims\jni.cpp, line 617]
Event: 2.995 Thread 0x000001a9ac8f2800 Exception <a 'java/lang/NoSuchMethodError'{0x00000000c4a082a0}: 'java.lang.Object java.lang.invoke.DirectMethodHandle$Holder.invokeSpecialIFC(java.lang.Object, java.lang.Object, java.lang.Object, java.lang.Object)'> (0x00000000c4a082a0) thrown at [s\src\hotspot\share\interpreter\linkResolver.cpp, line 773]
Event: 3.679 Thread 0x000001a9ac8f2800 Exception <a 'java/lang/NoSuchMethodError'{0x00000000c4c5c958}: 'int java.lang.invoke.DirectMethodHandle$Holder.invokeStaticInit(java.lang.Object, java.lang.Object)'> (0x00000000c4c5c958) thrown at [s\src\hotspot\share\interpreter\linkResolver.cpp, line 773]
Event: 3.692 Thread 0x000001a9ac8f2800 Exception <a 'java/lang/NoClassDefFoundError'{0x00000000c4c9ee60}: javax/enterprise/inject/Typed> (0x00000000c4c9ee60) thrown at [s\src\hotspot\share\classfile\systemDictionary.cpp, line 219]
Event: 5.334 Thread 0x000001a9ac8f2800 Exception <a 'java/lang/NoSuchMethodError'{0x00000000c3fc8da8}: 'void java.lang.invoke.DirectMethodHandle$Holder.invokeStaticInit(java.lang.Object, java.lang.Object, java.lang.Object)'> (0x00000000c3fc8da8) thrown at [s\src\hotspot\share\interpreter\linkResolver.cpp, line 773]
Event: 5.451 Thread 0x000001a9ac8f2800 Implicit null exception at 0x000001a9bcbf7b6f to 0x000001a9bcbf7d44
Event: 5.452 Thread 0x000001a9ac8f2800 Exception <a 'java/lang/NoSuchMethodError'{0x00000000c3d12358}: 'java.lang.Object java.lang.invoke.DirectMethodHandle$Holder.newInvokeSpecial(java.lang.Object, int)'> (0x00000000c3d12358) thrown at [s\src\hotspot\share\interpreter\linkResolver.cpp, line 773]
Event: 5.454 Thread 0x000001a9ac8f2800 Exception <a 'java/lang/NoSuchMethodError'{0x00000000c3d205f0}: 'java.lang.Object java.lang.invoke.Invokers$Holder.invokeExact_MT(java.lang.Object, int, java.lang.Object)'> (0x00000000c3d205f0) thrown at [s\src\hotspot\share\interpreter\linkResolver.cpp, line 773]
Event: 5.471 Thread 0x000001a9ac8f2800 Exception <a 'java/lang/NoSuchMethodError'{0x00000000c3d86f30}: 'int java.lang.invoke.DirectMethodHandle$Holder.invokeSpecial(java.lang.Object, java.lang.Object, java.lang.Object, java.lang.Object)'> (0x00000000c3d86f30) thrown at [s\src\hotspot\share\interpreter\linkResolver.cpp, line 773]

Events (20 events):
Event: 5.836 loading class org/eclipse/sisu/plexus/RealmFilteredBeans done
Event: 5.837 loading class org/eclipse/sisu/plexus/DefaultPlexusBeans
Event: 5.837 loading class org/eclipse/sisu/plexus/DefaultPlexusBeans done
Event: 5.837 loading class org/eclipse/sisu/plexus/DefaultPlexusBeans$Itr
Event: 5.837 loading class org/eclipse/sisu/plexus/DefaultPlexusBeans$Itr done
Event: 5.838 loading class org/eclipse/sisu/plexus/RealmFilteredBeans$FilteredItr
Event: 5.838 loading class org/eclipse/sisu/plexus/RealmFilteredBeans$FilteredItr done
Event: 5.839 loading class org/eclipse/sisu/inject/LocatedBeans$Itr
Event: 5.839 loading class org/eclipse/sisu/inject/LocatedBeans$Itr done
Event: 5.839 loading class org/eclipse/sisu/inject/RankedBindings$Itr
Event: 5.839 loading class org/eclipse/sisu/inject/RankedBindings$Itr done
Event: 5.840 loading class org/eclipse/sisu/inject/RankedSequence$Itr
Event: 5.840 loading class org/eclipse/sisu/inject/RankedSequence$Itr done
Event: 5.841 loading class org/eclipse/sisu/plexus/LazyPlexusBean
Event: 5.841 loading class org/eclipse/sisu/plexus/LazyPlexusBean done
Event: 5.841 loading class com/google/common/collect/AbstractMapBasedMultimap$RandomAccessWrappedList
Event: 5.841 loading class com/google/common/collect/AbstractMapBasedMultimap$RandomAccessWrappedList done
Event: 5.842 loading class com/google/common/collect/AbstractMapBasedMultimap$WrappedList
Event: 5.842 loading class com/google/common/collect/AbstractMapBasedMultimap$WrappedList done
Event: 5.843 Executing VM operation: CGC_Operation


Dynamic libraries:
0x00007ff7e57a0000 - 0x00007ff7e57ae000 	C:\Users\матвей\.jdks\corretto-11.0.21\bin\java.exe
0x00007ff9e4a90000 - 0x00007ff9e4c88000 	C:\WINDOWS\SYSTEM32\ntdll.dll
0x00007ff9e3c00000 - 0x00007ff9e3cbd000 	C:\WINDOWS\System32\KERNEL32.DLL
0x00007ff9e21c0000 - 0x00007ff9e24b6000 	C:\WINDOWS\System32\KERNELBASE.dll
0x00007ff9e26c0000 - 0x00007ff9e27c0000 	C:\WINDOWS\System32\ucrtbase.dll
0x00007ff9d3360000 - 0x00007ff9d337b000 	C:\Users\матвей\.jdks\corretto-11.0.21\bin\VCRUNTIME140.dll
0x00007ff9d3380000 - 0x00007ff9d3397000 	C:\Users\матвей\.jdks\corretto-11.0.21\bin\jli.dll
0x00007ff9e4740000 - 0x00007ff9e48de000 	C:\WINDOWS\System32\USER32.dll
0x00007ff9e24c0000 - 0x00007ff9e24e2000 	C:\WINDOWS\System32\win32u.dll
0x00007ff9d7b50000 - 0x00007ff9d7dea000 	C:\WINDOWS\WinSxS\amd64_microsoft.windows.common-controls_6595b64144ccf1df_6.0.19041.3636_none_60b6a03d71f818d5\COMCTL32.dll
0x00007ff9e41d0000 - 0x00007ff9e41fc000 	C:\WINDOWS\System32\GDI32.dll
0x00007ff9e48e0000 - 0x00007ff9e497e000 	C:\WINDOWS\System32\msvcrt.dll
0x00007ff9e24f0000 - 0x00007ff9e260a000 	C:\WINDOWS\System32\gdi32full.dll
0x00007ff9e2920000 - 0x00007ff9e29bd000 	C:\WINDOWS\System32\msvcp_win.dll
0x00007ff9e3260000 - 0x00007ff9e3290000 	C:\WINDOWS\System32\IMM32.DLL
0x00007ff9d30b0000 - 0x00007ff9d30bc000 	C:\Users\матвей\.jdks\corretto-11.0.21\bin\vcruntime140_1.dll
0x00007ff9bc800000 - 0x00007ff9bc88d000 	C:\Users\матвей\.jdks\corretto-11.0.21\bin\msvcp140.dll
0x00007ff984280000 - 0x00007ff984e43000 	C:\Users\матвей\.jdks\corretto-11.0.21\bin\server\jvm.dll
0x00007ff9e44a0000 - 0x00007ff9e454f000 	C:\WINDOWS\System32\ADVAPI32.dll
0x00007ff9e3aa0000 - 0x00007ff9e3b3c000 	C:\WINDOWS\System32\sechost.dll
0x00007ff9e4200000 - 0x00007ff9e4326000 	C:\WINDOWS\System32\RPCRT4.dll
0x00007ff9e3bf0000 - 0x00007ff9e3bf8000 	C:\WINDOWS\System32\PSAPI.DLL
0x00007ff9d2b30000 - 0x00007ff9d2b39000 	C:\WINDOWS\SYSTEM32\WSOCK32.dll
0x00007ff9e4160000 - 0x00007ff9e41cb000 	C:\WINDOWS\System32\WS2_32.dll
0x00007ff9dcd70000 - 0x00007ff9dcd7a000 	C:\WINDOWS\SYSTEM32\VERSION.dll
0x00007ff9d8300000 - 0x00007ff9d8327000 	C:\WINDOWS\SYSTEM32\WINMM.dll
0x00007ff9dff70000 - 0x00007ff9dff82000 	C:\WINDOWS\SYSTEM32\kernel.appcore.dll
0x00007ff9d30a0000 - 0x00007ff9d30b0000 	C:\Users\матвей\.jdks\corretto-11.0.21\bin\verify.dll
0x00007ff9dc660000 - 0x00007ff9dc844000 	C:\WINDOWS\SYSTEM32\DBGHELP.DLL
0x00007ff9dbdc0000 - 0x00007ff9dbdf4000 	C:\WINDOWS\SYSTEM32\dbgcore.DLL
0x00007ff9e2a60000 - 0x00007ff9e2ae2000 	C:\WINDOWS\System32\bcryptPrimitives.dll
0x00007ff9c7680000 - 0x00007ff9c76a8000 	C:\Users\матвей\.jdks\corretto-11.0.21\bin\java.dll
0x00007ff9c7640000 - 0x00007ff9c764a000 	C:\Users\матвей\.jdks\corretto-11.0.21\bin\jimage.dll
0x00007ff9c4410000 - 0x00007ff9c441e000 	C:\Users\матвей\.jdks\corretto-11.0.21\bin\instrument.dll
0x00007ff9c4310000 - 0x00007ff9c4328000 	C:\Users\матвей\.jdks\corretto-11.0.21\bin\zip.dll
0x00007ff9e2af0000 - 0x00007ff9e3234000 	C:\WINDOWS\System32\SHELL32.dll
0x00007ff9e0250000 - 0x00007ff9e09eb000 	C:\WINDOWS\SYSTEM32\windows.storage.dll
0x00007ff9e3e00000 - 0x00007ff9e4154000 	C:\WINDOWS\System32\combase.dll
0x00007ff9e1ae0000 - 0x00007ff9e1b0d000 	C:\WINDOWS\SYSTEM32\Wldp.dll
0x00007ff9e3b40000 - 0x00007ff9e3bed000 	C:\WINDOWS\System32\SHCORE.dll
0x00007ff9e35c0000 - 0x00007ff9e3615000 	C:\WINDOWS\System32\shlwapi.dll
0x00007ff9e20a0000 - 0x00007ff9e20c5000 	C:\WINDOWS\SYSTEM32\profapi.dll
0x00007ff9c2ce0000 - 0x00007ff9c2cf9000 	C:\Users\матвей\.jdks\corretto-11.0.21\bin\net.dll
0x00007ff9d9e10000 - 0x00007ff9d9f1a000 	C:\WINDOWS\SYSTEM32\WINHTTP.dll
0x00007ff9e1840000 - 0x00007ff9e18aa000 	C:\WINDOWS\system32\mswsock.dll
0x00007ff9c2c60000 - 0x00007ff9c2c72000 	C:\Users\матвей\.jdks\corretto-11.0.21\bin\nio.dll
0x00007ff9c3e10000 - 0x00007ff9c3e2a000 	C:\Program Files\JetBrains\IntelliJ IDEA Community Edition 2023.2.1\bin\breakgen64.dll
0x0000000069ac0000 - 0x0000000069ae4000 	C:\Users\матвей\AppData\Local\Temp\jansi-2.4.0-21e7f2fa137c27f0-jansi.dll

dbghelp: loaded successfully - version: 4.0.5 - missing functions: none
symbol engine: initialized successfully - sym options: 0x614 - pdb path: .;C:\Users\матвей\.jdks\corretto-11.0.21\bin;C:\WINDOWS\SYSTEM32;C:\WINDOWS\WinSxS\amd64_microsoft.windows.common-controls_6595b64144ccf1df_6.0.19041.3636_none_60b6a03d71f818d5;C:\Users\матвей\.jdks\corretto-11.0.21\bin\server;C:\Program Files\JetBrains\IntelliJ IDEA Community Edition 2023.2.1\bin;C:\Users\матвей\AppData\Local\Temp

VM Arguments:
jvm_args: -Dmaven.multiModuleProjectDirectory=C:\Users\матвей\IdeaProjects\situations -Djansi.passthrough=true -Dmaven.home=C:\Program Files\JetBrains\IntelliJ IDEA Community Edition 2023.2.1\plugins\maven\lib\maven3 -Dclassworlds.conf=C:\Program Files\JetBrains\IntelliJ IDEA Community Edition 2023.2.1\plugins\maven\lib\maven3\bin\m2.conf -Dmaven.ext.class.path=C:\Program Files\JetBrains\IntelliJ IDEA Community Edition 2023.2.1\plugins\maven\lib\maven-event-listener.jar -javaagent:C:\Program Files\JetBrains\IntelliJ IDEA Community Edition 2023.2.1\lib\idea_rt.jar=59762:C:\Program Files\JetBrains\IntelliJ IDEA Community Edition 2023.2.1\bin -Dfile.encoding=UTF-8 
java_command: org.codehaus.classworlds.Launcher -Didea.version=2023.2.1 clean verify
java_class_path (initial): C:\Program Files\JetBrains\IntelliJ IDEA Community Edition 2023.2.1\plugins\maven\lib\maven3\boot\plexus-classworlds-2.7.0.jar;C:\Program Files\JetBrains\IntelliJ IDEA Community Edition 2023.2.1\plugins\maven\lib\maven3\boot\plexus-classworlds.license
Launcher Type: SUN_STANDARD

[Global flags]
     intx CICompilerCount                          = 3                                         {product} {ergonomic}
     uint ConcGCThreads                            = 1                                         {product} {ergonomic}
     uint G1ConcRefinementThreads                  = 4                                         {product} {ergonomic}
   size_t G1HeapRegionSize                         = 1048576                                   {product} {ergonomic}
    uintx GCDrainStackTargetSize                   = 64                                        {product} {ergonomic}
   size_t InitialHeapSize                          = 67108864                                  {product} {ergonomic}
   size_t MarkStackSize                            = 4194304                                   {product} {ergonomic}
   size_t MaxHeapSize                              = 1052770304                                {product} {ergonomic}
   size_t MaxNewSize                               = 631242752                                 {product} {ergonomic}
   size_t MinHeapDeltaBytes                        = 1048576                                   {product} {ergonomic}
    uintx NonNMethodCodeHeapSize                   = 5830732                                {pd product} {ergonomic}
    uintx NonProfiledCodeHeapSize                  = 122913754                              {pd product} {ergonomic}
    uintx ProfiledCodeHeapSize                     = 122913754                              {pd product} {ergonomic}
    uintx ReservedCodeCacheSize                    = 251658240                              {pd product} {ergonomic}
     bool SegmentedCodeCache                       = true                                      {product} {ergonomic}
     bool UseCompressedClassPointers               = true                                 {lp64_product} {ergonomic}
     bool UseCompressedOops                        = true                                 {lp64_product} {ergonomic}
     bool UseG1GC                                  = true                                      {product} {ergonomic}
     bool UseLargePagesIndividualAllocation        = false                                  {pd product} {ergonomic}

Logging:
Log output configuration:
 #0: stdout all=warning uptime,level,tags
 #1: stderr all=off uptime,level,tags

Environment Variables:
JAVA_HOME=C:\Program Files (x86)\Eclipse Adoptium\jdk-11.0.20.101-hotspot\
PATH=C:\Program Files (x86)\Common Files\Oracle\Java\javapath;C:\Program Files (x86)\Eclipse Adoptium\jdk-11.0.20.101-hotspot\bin;C:\ProgramData\Oracle\Java\javapath;C:\WINDOWS\system32;C:\WINDOWS;C:\WINDOWS\System32\Wbem;C:\WINDOWS\System32\WindowsPowerShell\v1.0\;C:\WINDOWS\System32\OpenSSH\;C:\Program Files\Git\cmd;C:\Users\матвей\Documents\apache-maven-3.9.5;
USERNAME=матвей
OS=Windows_NT
PROCESSOR_IDENTIFIER=AMD64 Family 21 Model 48 Stepping 1, AuthenticAMD
TMP=C:\Users\7F21~1\AppData\Local\Temp
TEMP=C:\Users\7F21~1\AppData\Local\Temp



---------------  S Y S T E M  ---------------

OS: Windows 10 , 64 bit Build 19041 (10.0.19041.3636)
OS uptime: 0 days 5:12 hours

CPU:total 4 (initial active 4) (4 cores per cpu, 1 threads per core) family 21 model 48 stepping 1 microcode 0x0, cmov, cx8, fxsr, mmx, sse, sse2, sse3, ssse3, sse4.1, sse4.2, popcnt, avx, aes, clmul, mmxext, 3dnowpref, lzcnt, sse4a, tsc, tscinvbit, tscinv, bmi1, fma

Memory: 4k page, system-wide physical 4015M (374M free)
TotalPageFile size 9135M (AvailPageFile size 2835M)
current process WorkingSet (physical memory assigned to process): 117M, peak: 118M
current process commit charge ("private bytes"): 175M, peak: 179M

vm_info: OpenJDK 64-Bit Server VM (11.0.21+9-LTS) for windows-amd64 JRE (11.0.21+9-LTS), built on Oct  9 2023 18:37:11 by "Administrator" with MS VC++ 16.10 / 16.11 (VS2019)

END.
